<?xml version="1.0" encoding="UTF-8"?>
<testng-results skipped="0" failed="1" ignored="0" total="1" passed="0">
  <reporter-output>
    <line>
      <![CDATA[invalidLoginTest method started]]>
    </line>
    <line>
      <![CDATA[invalidLoginTest method failed]]>
    </line>
  </reporter-output>
  <suite name="Default Suite" duration-ms="54510" started-at="2020-08-04T01:52:21 IST" finished-at="2020-08-04T01:53:16 IST">
    <groups>
    </groups>
    <test name="ActiTime" duration-ms="54510" started-at="2020-08-04T01:52:21 IST" finished-at="2020-08-04T01:53:16 IST">
      <class name="com.actitime.timetrack.ActiInvalidLogin">
        <test-method status="PASS" signature="openBrowser()[pri:0, instance:com.actitime.timetrack.ActiInvalidLogin@6d00a15d]" name="openBrowser" is-config="true" duration-ms="53090" started-at="2020-08-04T01:52:21 IST" finished-at="2020-08-04T01:53:14 IST">
          <reporter-output>
          </reporter-output>
        </test-method> <!-- openBrowser -->
        <test-method status="FAIL" signature="invalidLoginTest()[pri:0, instance:com.actitime.timetrack.ActiInvalidLogin@6d00a15d]" name="invalidLoginTest" duration-ms="2" started-at="2020-08-04T01:53:14 IST" finished-at="2020-08-04T01:53:14 IST">
          <exception class="java.lang.AssertionError">
            <message>
              <![CDATA[null]]>
            </message>
            <full-stacktrace>
              <![CDATA[java.lang.AssertionError: null
at org.testng.Assert.fail(Assert.java:97)
at org.testng.Assert.fail(Assert.java:102)
at com.actitime.timetrack.ActiInvalidLogin.invalidLoginTest(ActiInvalidLogin.java:16)
at sun.reflect.NativeMethodAccessorImpl.invoke0(Native Method)
at sun.reflect.NativeMethodAccessorImpl.invoke(NativeMethodAccessorImpl.java:62)
at sun.reflect.DelegatingMethodAccessorImpl.invoke(DelegatingMethodAccessorImpl.java:43)
at java.lang.reflect.Method.invoke(Method.java:498)
at org.testng.internal.MethodInvocationHelper.invokeMethod(MethodInvocationHelper.java:134)
at org.testng.internal.TestInvoker.invokeMethod(TestInvoker.java:597)
at org.testng.internal.TestInvoker.invokeTestMethod(TestInvoker.java:173)
at org.testng.internal.MethodRunner.runInSequence(MethodRunner.java:46)
at org.testng.internal.TestInvoker$MethodInvocationAgent.invoke(TestInvoker.java:816)
at org.testng.internal.TestInvoker.invokeTestMethods(TestInvoker.java:146)
at org.testng.internal.TestMethodWorker.invokeTestMethods(TestMethodWorker.java:146)
at org.testng.internal.TestMethodWorker.run(TestMethodWorker.java:128)
at java.util.ArrayList.forEach(ArrayList.java:1257)
at org.testng.TestRunner.privateRun(TestRunner.java:766)
at org.testng.TestRunner.run(TestRunner.java:587)
at org.testng.SuiteRunner.runTest(SuiteRunner.java:384)
at org.testng.SuiteRunner.runSequentially(SuiteRunner.java:378)
at org.testng.SuiteRunner.privateRun(SuiteRunner.java:337)
at org.testng.SuiteRunner.run(SuiteRunner.java:286)
at org.testng.SuiteRunnerWorker.runSuite(SuiteRunnerWorker.java:53)
at org.testng.SuiteRunnerWorker.run(SuiteRunnerWorker.java:96)
at org.testng.TestNG.runSuitesSequentially(TestNG.java:1187)
at org.testng.TestNG.runSuitesLocally(TestNG.java:1109)
at org.testng.TestNG.runSuites(TestNG.java:1039)
at org.testng.TestNG.run(TestNG.java:1007)
at com.intellij.rt.testng.IDEARemoteTestNG.run(IDEARemoteTestNG.java:66)
at com.intellij.rt.testng.RemoteTestNGStarter.main(RemoteTestNGStarter.java:110)
]]>
            </full-stacktrace>
          </exception> <!-- java.lang.AssertionError -->
          <reporter-output>
            <line>
              <![CDATA[invalidLoginTest method started]]>
            </line>
            <line>
              <![CDATA[invalidLoginTest method failed]]>
            </line>
          </reporter-output>
        </test-method> <!-- invalidLoginTest -->
        <test-method status="PASS" signature="closeBrowser()[pri:0, instance:com.actitime.timetrack.ActiInvalidLogin@6d00a15d]" name="closeBrowser" is-config="true" duration-ms="657" started-at="2020-08-04T01:53:15 IST" finished-at="2020-08-04T01:53:16 IST">
          <reporter-output>
          </reporter-output>
        </test-method> <!-- closeBrowser -->
      </class> <!-- com.actitime.timetrack.ActiInvalidLogin -->
    </test> <!-- ActiTime -->
  </suite> <!-- Default Suite -->
</testng-results>
